<?xml version="1.0" encoding="UTF-8" ?>
<testsuite errors="0" failures="0" hostname="DESKTOP-OPUQ1FE" name="org.netbeans.modules.compapp.catd.ConfiguredTest" skipped="0" tests="1" time="1.406" timestamp="2018-12-04T17:12:27">
  <properties>
[...]
</properties>
  <testcase classname="org.netbeans.modules.compapp.catd.ConfiguredTest" name="TestCase1" time="1.375" />
  <system-out><![CDATA[GenerateATSOutput=${generate.ats.output}
NetBeansUserDir=C:\Users\vegor\AppData\Roaming\.openesb_studio\3.1.2
ServerPassword=admin
awt.toolkit=sun.awt.windows.WToolkit
file.encoding=Cp1250
file.encoding.pkg=sun.io
file.separator=\
inDebug=${inDebug}
java.awt.graphicsenv=sun.awt.Win32GraphicsEnvironment
java.awt.headless=${java.awt.headless}
java.awt.printerjob=sun.awt.windows.WPrinterJob
java.class.path=E:\AZU\OpenESB-SE-3.1.2.3-a\OE-Studio\soa\modules\org-netbeans-modules-compapp-manager-jbi.jar;E:\AZU\OpenESB-SE-3.1.2.3-a\OE-Studio\soa\modules\org-netbeans-modules-compapp-projects-jbi.jar;E:\AZU\OpenESB-SE-3.1.2.3-a\OE-Studio\soa\modules\ext\jbi-admin-common.jar;E:\AZU\OpenESB-SE-3.1.2.3-a\OE-Studio\soa\modules\ext\catd.jar;E:\AZU\OpenESB-SE-3.1.2.3-a\OE-Studio\java\modules\ext\jaxws22\api\saaj-api.jar;E:\AZU\OpenESB-SE-3.1.2.3-a\OE-Studio\java\modules\ext\jaxws22\saaj-impl.jar;E:\AZU\OpenESB-SE-3.1.2.3-a\OE-Studio\java\modules\ext\jaxws22\FastInfoset.jar;E:\AZU\OpenESB-SE-3.1.2.3-a\OE-Studio\ide\modules\org-netbeans-modules-editor-lib.jar;E:\AZU\OpenESB-SE-3.1.2.3-a\OE-Studio\ide\modules\org-netbeans-modules-editor.jar;E:\AZU\OpenESB-SE-3.1.2.3-a\OE-Studio\ide\modules\org-netbeans-modules-editor-deprecated-pre65formatting.jar;E:\AZU\OpenESB-SE-3.1.2.3-a\OE-Studio\ide\modules\org-netbeans-modules-editor-util.jar;E:\AZU\OpenESB-SE-3.1.2.3-a\OE-Studio\ide\modules\org-netbeans-modules-editor-lib2.jar;E:\AZU\OpenESB-SE-3.1.2.3-a\OE-Studio\ide\modules\org-netbeans-modules-editor-indent.jar;E:\AZU\OpenESB-SE-3.1.2.3-a\OE-Studio\ide\modules\org-netbeans-modules-editor-plain.jar;E:\AZU\OpenESB-SE-3.1.2.3-a\OE-Studio\ide\modules\org-netbeans-modules-editor-plain-lib.jar;E:\AZU\OpenESB-SE-3.1.2.3-a\OE-Studio\ide\modules\org-netbeans-modules-editor-document.jar;E:\AZU\OpenESB-SE-3.1.2.3-a\OE-Studio\ide\modules\org-netbeans-modules-editor-settings.jar;E:\AZU\OpenESB-SE-3.1.2.3-a\OE-Studio\ide\modules\org-netbeans-modules-editor-settings-lib.jar;E:\AZU\OpenESB-SE-3.1.2.3-a\OE-Studio\ide\modules\org-netbeans-modules-editor-settings-storage.jar;E:\AZU\OpenESB-SE-3.1.2.3-a\OE-Studio\ide\modules\org-netbeans-modules-lexer.jar;E:\AZU\OpenESB-SE-3.1.2.3-a\OE-Studio\ide\modules\org-netbeans-modules-xml-core.jar;E:\AZU\OpenESB-SE-3.1.2.3-a\OE-Studio\ide\modules\org-netbeans-modules-xml-lexer.jar;E:\AZU\OpenESB-SE-3.1.2.3-a\OE-Studio\ide\modules\org-netbeans-modules-xml-text.jar;E:\AZU\OpenESB-SE-3.1.2.3-a\OE-Studio\ide\modules\org-netbeans-modules-xml-xdm.jar;E:\AZU\OpenESB-SE-3.1.2.3-a\OE-Studio\ide\modules\org-netbeans-modules-xml-xam.jar;E:\AZU\OpenESB-SE-3.1.2.3-a\OE-Studio\ide\modules\org-netbeans-modules-csl-api.jar;E:\AZU\OpenESB-SE-3.1.2.3-a\OE-Studio\ide\modules\ext\jaxb\activation.jar;E:\AZU\OpenESB-SE-3.1.2.3-a\OE-Studio\platform\lib\org-openide-modules.jar;E:\AZU\OpenESB-SE-3.1.2.3-a\OE-Studio\platform\lib\org-openide-util.jar;E:\AZU\OpenESB-SE-3.1.2.3-a\OE-Studio\platform\lib\org-openide-util-ui.jar;E:\AZU\OpenESB-SE-3.1.2.3-a\OE-Studio\platform\lib\org-openide-util-lookup.jar;E:\AZU\OpenESB-SE-3.1.2.3-a\OE-Studio\platform\modules\org-openide-awt.jar;E:\AZU\OpenESB-SE-3.1.2.3-a\OE-Studio\platform\modules\org-openide-options.jar;E:\AZU\OpenESB-SE-3.1.2.3-a\OE-Studio\platform\modules\org-openide-text.jar;E:\AZU\OpenESB-SE-3.1.2.3-a\OE-Studio\platform\modules\org-openide-loaders.jar;E:\AZU\OpenESB-SE-3.1.2.3-a\OE-Studio\platform\modules\org-openide-nodes.jar;E:\AZU\OpenESB-SE-3.1.2.3-a\OE-Studio\platform\modules\org-netbeans-modules-editor-mimelookup.jar;E:\AZU\OpenESB-SE-3.1.2.3-a\OE-Studio\platform\modules\org-netbeans-modules-editor-mimelookup-impl.jar;E:\AZU\OpenESB-SE-3.1.2.3-a\OE-Studio\platform\core\org-openide-filesystems.jar;E:\AZU\OpenESB-SE-3.1.2.3-a\OE-Studio\platform\modules\org-netbeans-modules-keyring.jar;E:\AZU\OpenESB-SE-3.1.2.3-a\OE-Studio\platform\modules\org-openide-dialogs.jar;E:\AZU\OpenESB-SE-3.1.2.3-a\OE-Studio\platform\modules\ext\junit-4.12.jar;E:\AZU\OpenESB-SE-3.1.2.3-a\OE-Studio\extide\ant\lib\ant-launcher.jar;E:\AZU\OpenESB-SE-3.1.2.3-a\OE-Studio\extide\ant\lib\ant.jar;E:\AZU\OpenESB-SE-3.1.2.3-a\OE-Studio\extide\ant\lib\ant-junit.jar;E:\AZU\OpenESB-SE-3.1.2.3-a\OE-Studio\extide\ant\lib\ant-junit4.jar
java.class.version=52.0
java.endorsed.dirs=C:\Program Files\Java\jdk1.8.0_191\jre\lib\endorsed
java.ext.dirs=C:\Program Files\Java\jdk1.8.0_191\jre\lib\ext;C:\Windows\Sun\Java\lib\ext
java.home=C:\Program Files\Java\jdk1.8.0_191\jre
java.io.tmpdir=C:\Users\vegor\AppData\Local\Temp\
java.library.path=C:\Program Files\Java\jdk1.8.0_191\jre\bin;C:\Windows\Sun\Java\bin;C:\Windows\system32;C:\Windows;C:\Program Files (x86)\Common Files\Oracle\Java\javapath;C:\Windows\system32;C:\Windows;C:\Windows\System32\Wbem;C:\Windows\System32\WindowsPowerShell\v1.0\;C:\Windows\System32\OpenSSH\;C:\Program Files\Java\jdk1.8.0_191\bin;C:\Program Files\Git\cmd;C:\Program Files\TortoiseGit\bin;C:\Program Files\PuTTY\;C:\Ruby25-x64\bin;C:\Users\vegor\AppData\Local\Programs\Python\Python37-32\Scripts\;C:\Users\vegor\AppData\Local\Programs\Python\Python37-32\;C:\Users\vegor\AppData\Local\Microsoft\WindowsApps;.
java.runtime.name=Java(TM) SE Runtime Environment
java.runtime.version=1.8.0_191-b12
java.specification.name=Java Platform API Specification
java.specification.vendor=Oracle Corporation
java.specification.version=1.8
java.vendor=Oracle Corporation
java.vendor.url=http://java.oracle.com/
java.vendor.url.bug=http://bugreport.sun.com/bugreport/
java.version=1.8.0_191
java.vm.info=mixed mode
java.vm.name=Java HotSpot(TM) 64-Bit Server VM
java.vm.specification.name=Java Virtual Machine Specification
java.vm.specification.vendor=Oracle Corporation
java.vm.specification.version=1.8
java.vm.vendor=Oracle Corporation
java.vm.version=25.191-b12
line.separator=

org.netbeans.modules.compapp.catd.context=
os.arch=amd64
os.name=Windows 10
os.version=10.0
path.separator=;
sun.arch.data.model=64
sun.boot.class.path=C:\Program Files\Java\jdk1.8.0_191\jre\lib\resources.jar;C:\Program Files\Java\jdk1.8.0_191\jre\lib\rt.jar;C:\Program Files\Java\jdk1.8.0_191\jre\lib\sunrsasign.jar;C:\Program Files\Java\jdk1.8.0_191\jre\lib\jsse.jar;C:\Program Files\Java\jdk1.8.0_191\jre\lib\jce.jar;C:\Program Files\Java\jdk1.8.0_191\jre\lib\charsets.jar;C:\Program Files\Java\jdk1.8.0_191\jre\lib\jfr.jar;C:\Program Files\Java\jdk1.8.0_191\jre\classes
sun.boot.library.path=C:\Program Files\Java\jdk1.8.0_191\jre\bin
sun.cpu.endian=little
sun.cpu.isalist=amd64
sun.desktop=windows
sun.io.unicode.encoding=UnicodeLittle
sun.java.command=org.apache.tools.ant.taskdefs.optional.junit.JUnitTestRunner org.netbeans.modules.compapp.catd.ConfiguredTest skipNonTests=false filtertrace=true haltOnError=false haltOnFailure=false showoutput=true outputtoformatters=true logfailedtests=true threadid=0 logtestlistenerevents=true formatter=org.apache.tools.ant.taskdefs.optional.junit.BriefJUnitResultFormatter formatter=org.apache.tools.ant.taskdefs.optional.junit.XMLJUnitResultFormatter,C:\Users\vegor\OneDrive\Dokumenty\NetBeansProjects\HelloWorldComposite\test\results\TEST-org.netbeans.modules.compapp.catd.ConfiguredTest.xml crashfile=C:\Users\vegor\AppData\Local\Temp\junitvmwatcher4503194775192964410.properties propsfile=C:\Users\vegor\AppData\Local\Temp\junit2145099556030557292.properties
sun.java.launcher=SUN_STANDARD
sun.jnu.encoding=Cp1250
sun.management.compiler=HotSpot 64-Bit Tiered Compilers
sun.os.patch.level=
user.country=PL
user.dir=C:\Users\vegor\OneDrive\Dokumenty\NetBeansProjects\HelloWorldComposite
user.home=C:\Users\vegor
user.language=pl
user.name=vegor
user.script=
user.timezone=Europe/Belgrade
user.variant=
Test TestCase1\Concurrent.properties Passed. Threads count Success: <1> Error: <0> Not completed: <0>
]]></system-out>
  <system-err><![CDATA[]]></system-err>
</testsuite>
